<?xml version="1.0" encoding="UTF-8"?>
<!-- Generated by org.testng.reporters.JUnitReportReporter -->
<testsuite hostname="DESKTOP-VAQKFJ2" failures="0" tests="1" name="com.testSuites.E_Commerece_FillForm" time="29.133" errors="0" timestamp="20 May 2024 11:07:23 GMT" skipped="0">
  <testcase classname="com.testSuites.E_Commerece_FillForm" name="TC_005_verifyUserAbleToCompletePurchaseOrder" time="29.133"/>
</testsuite> <!-- com.testSuites.E_Commerece_FillForm -->
